\BOOKMARK [0][-]{chapter.1}{\376\377\0001\000\040\004\030\004\065\004\100\004\060\004\100\004\105\004\070\004\107\004\065\004\101\004\072\004\070\004\071\000\040\004\101\004\077\004\070\004\101\004\076\004\072\000\040\004\072\004\073\004\060\004\101\004\101\004\076\004\062}{}% 1
\BOOKMARK [1][-]{section.1.1}{\376\377\0001\000.\0001\000\040\004\030\004\065\004\100\004\060\004\100\004\105\004\070\004\117\000\040\004\072\004\073\004\060\004\101\004\101\004\076\004\062}{chapter.1}% 2
\BOOKMARK [0][-]{chapter.2}{\376\377\0002\000\040\004\020\004\073\004\104\004\060\004\062\004\070\004\102\004\075\004\113\004\071\000\040\004\103\004\072\004\060\004\067\004\060\004\102\004\065\004\073\004\114\000\040\004\072\004\073\004\060\004\101\004\101\004\076\004\062}{}% 3
\BOOKMARK [1][-]{section.2.1}{\376\377\0002\000.\0001\000\040\004\032\004\073\004\060\004\101\004\101\004\113}{chapter.2}% 4
\BOOKMARK [0][-]{chapter.3}{\376\377\0003\000\040\004\041\004\077\004\070\004\101\004\076\004\072\000\040\004\104\004\060\004\071\004\073\004\076\004\062}{}% 5
\BOOKMARK [1][-]{section.3.1}{\376\377\0003\000.\0001\000\040\004\044\004\060\004\071\004\073\004\113}{chapter.3}% 6
\BOOKMARK [0][-]{chapter.4}{\376\377\0004\000\040\004\032\004\073\004\060\004\101\004\101\004\113}{}% 7
\BOOKMARK [1][-]{section.4.1}{\376\377\0004\000.\0001\000\040\004\032\004\073\004\060\004\101\004\101\000\040\000t\000a\000b\000l\000e\000\137\000c\000i\000p\000h\000e\000r\000\137\000e\000r\000r\000o\000r}{chapter.4}% 8
\BOOKMARK [2][-]{subsection.4.1.1}{\376\377\0004\000.\0001\000.\0001\000\040\004\037\004\076\004\064\004\100\004\076\004\061\004\075\004\076\004\065\000\040\004\076\004\077\004\070\004\101\004\060\004\075\004\070\004\065}{section.4.1}% 9
\BOOKMARK [2][-]{subsection.4.1.2}{\376\377\0004\000.\0001\000.\0002\000\040\004\032\004\076\004\075\004\101\004\102\004\100\004\103\004\072\004\102\004\076\004\100\000\050\004\113\000\051}{section.4.1}% 10
\BOOKMARK [3][-]{subsubsection.4.1.2.1}{\376\377\0004\000.\0001\000.\0002\000.\0001\000\040\000t\000a\000b\000l\000e\000\137\000c\000i\000p\000h\000e\000r\000\137\000e\000r\000r\000o\000r\000\050\000\051}{subsection.4.1.2}% 11
\BOOKMARK [2][-]{subsection.4.1.3}{\376\377\0004\000.\0001\000.\0003\000\040\004\034\004\065\004\102\004\076\004\064\004\113}{section.4.1}% 12
\BOOKMARK [3][-]{subsubsection.4.1.3.1}{\376\377\0004\000.\0001\000.\0003\000.\0001\000\040\000w\000h\000a\000t\000\050\000\051}{subsection.4.1.3}% 13
\BOOKMARK [1][-]{section.4.2}{\376\377\0004\000.\0002\000\040\004\032\004\073\004\060\004\101\004\101\000\040\000T\000a\000b\000l\000e\000C\000i\000p\000h\000e\000r}{chapter.4}% 14
\BOOKMARK [2][-]{subsection.4.2.1}{\376\377\0004\000.\0002\000.\0001\000\040\004\037\004\076\004\064\004\100\004\076\004\061\004\075\004\076\004\065\000\040\004\076\004\077\004\070\004\101\004\060\004\075\004\070\004\065}{section.4.2}% 15
\BOOKMARK [2][-]{subsection.4.2.2}{\376\377\0004\000.\0002\000.\0002\000\040\004\032\004\076\004\075\004\101\004\102\004\100\004\103\004\072\004\102\004\076\004\100\000\050\004\113\000\051}{section.4.2}% 16
\BOOKMARK [3][-]{subsubsection.4.2.2.1}{\376\377\0004\000.\0002\000.\0002\000.\0001\000\040\000T\000a\000b\000l\000e\000C\000i\000p\000h\000e\000r\000\050\000\051}{subsection.4.2.2}% 17
\BOOKMARK [2][-]{subsection.4.2.3}{\376\377\0004\000.\0002\000.\0003\000\040\004\034\004\065\004\102\004\076\004\064\004\113}{section.4.2}% 18
\BOOKMARK [3][-]{subsubsection.4.2.3.1}{\376\377\0004\000.\0002\000.\0003\000.\0001\000\040\000d\000e\000c\000r\000y\000p\000t\000\050\000\051}{subsection.4.2.3}% 19
\BOOKMARK [3][-]{subsubsection.4.2.3.2}{\376\377\0004\000.\0002\000.\0003\000.\0002\000\040\000e\000n\000c\000r\000y\000p\000t\000\050\000\051}{subsection.4.2.3}% 20
\BOOKMARK [3][-]{subsubsection.4.2.3.3}{\376\377\0004\000.\0002\000.\0003\000.\0003\000\040\000v\000a\000l\000i\000d\000a\000t\000e\000K\000e\000y\000\050\000\051}{subsection.4.2.3}% 21
\BOOKMARK [0][-]{chapter.5}{\376\377\0005\000\040\004\044\004\060\004\071\004\073\004\113}{}% 22
\BOOKMARK [1][-]{section.5.1}{\376\377\0005\000.\0001\000\040\004\044\004\060\004\071\004\073\000\040\000m\000a\000i\000n\000.\000c\000p\000p}{chapter.5}% 23
\BOOKMARK [2][-]{subsection.5.1.1}{\376\377\0005\000.\0001\000.\0001\000\040\004\037\004\076\004\064\004\100\004\076\004\061\004\075\004\076\004\065\000\040\004\076\004\077\004\070\004\101\004\060\004\075\004\070\004\065}{section.5.1}% 24
\BOOKMARK [2][-]{subsection.5.1.2}{\376\377\0005\000.\0001\000.\0002\000\040\004\044\004\103\004\075\004\072\004\106\004\070\004\070}{section.5.1}% 25
\BOOKMARK [3][-]{subsubsection.5.1.2.1}{\376\377\0005\000.\0001\000.\0002\000.\0001\000\040\000d\000e\000m\000o\000n\000s\000t\000r\000a\000t\000e\000C\000i\000p\000h\000e\000r\000\050\000\051}{subsection.5.1.2}% 26
\BOOKMARK [3][-]{subsubsection.5.1.2.2}{\376\377\0005\000.\0001\000.\0002\000.\0002\000\040\000d\000e\000m\000o\000n\000s\000t\000r\000a\000t\000e\000I\000n\000p\000u\000t\000E\000r\000r\000o\000r\000s\000\050\000\051}{subsection.5.1.2}% 27
\BOOKMARK [3][-]{subsubsection.5.1.2.3}{\376\377\0005\000.\0001\000.\0002\000.\0003\000\040\000g\000e\000t\000K\000e\000y\000F\000r\000o\000m\000U\000s\000e\000r\000\050\000\051}{subsection.5.1.2}% 28
\BOOKMARK [3][-]{subsubsection.5.1.2.4}{\376\377\0005\000.\0001\000.\0002\000.\0004\000\040\000g\000e\000t\000T\000e\000x\000t\000F\000r\000o\000m\000U\000s\000e\000r\000\050\000\051}{subsection.5.1.2}% 29
\BOOKMARK [3][-]{subsubsection.5.1.2.5}{\376\377\0005\000.\0001\000.\0002\000.\0005\000\040\000m\000a\000i\000n\000\050\000\051}{subsection.5.1.2}% 30
\BOOKMARK [3][-]{subsubsection.5.1.2.6}{\376\377\0005\000.\0001\000.\0002\000.\0006\000\040\000p\000r\000o\000c\000e\000s\000s\000C\000i\000p\000h\000e\000r\000O\000p\000e\000r\000a\000t\000i\000o\000n\000\050\000\051}{subsection.5.1.2}% 31
\BOOKMARK [3][-]{subsubsection.5.1.2.7}{\376\377\0005\000.\0001\000.\0002\000.\0007\000\040\000s\000h\000o\000w\000H\000e\000l\000p\000\050\000\051}{subsection.5.1.2}% 32
\BOOKMARK [3][-]{subsubsection.5.1.2.8}{\376\377\0005\000.\0001\000.\0002\000.\0008\000\040\000s\000t\000r\000i\000n\000g\000\137\000t\000o\000\137\000w\000s\000t\000r\000i\000n\000g\000\050\000\051}{subsection.5.1.2}% 33
\BOOKMARK [3][-]{subsubsection.5.1.2.9}{\376\377\0005\000.\0001\000.\0002\000.\0009\000\040\000w\000s\000t\000r\000i\000n\000g\000\137\000t\000o\000\137\000s\000t\000r\000i\000n\000g\000\050\000\051}{subsection.5.1.2}% 34
\BOOKMARK [1][-]{section.5.2}{\376\377\0005\000.\0002\000\040\004\044\004\060\004\071\004\073\000\040\000t\000a\000b\000l\000e\000C\000i\000p\000h\000e\000r\000.\000c\000p\000p}{chapter.5}% 35
\BOOKMARK [2][-]{subsection.5.2.1}{\376\377\0005\000.\0002\000.\0001\000\040\004\037\004\076\004\064\004\100\004\076\004\061\004\075\004\076\004\065\000\040\004\076\004\077\004\070\004\101\004\060\004\075\004\070\004\065}{section.5.2}% 36
\BOOKMARK [2][-]{subsection.5.2.2}{\376\377\0005\000.\0002\000.\0002\000\040\004\044\004\103\004\075\004\072\004\106\004\070\004\070}{section.5.2}% 37
\BOOKMARK [3][-]{subsubsection.5.2.2.1}{\376\377\0005\000.\0002\000.\0002\000.\0001\000\040\000d\000e\000b\000u\000g\000P\000r\000i\000n\000t\000T\000a\000b\000l\000e\000\050\000\051}{subsection.5.2.2}% 38
\BOOKMARK [1][-]{section.5.3}{\376\377\0005\000.\0003\000\040\004\044\004\060\004\071\004\073\000\040\000t\000a\000b\000l\000e\000C\000i\000p\000h\000e\000r\000.\000h}{chapter.5}% 39
\BOOKMARK [2][-]{subsection.5.3.1}{\376\377\0005\000.\0003\000.\0001\000\040\004\037\004\076\004\064\004\100\004\076\004\061\004\075\004\076\004\065\000\040\004\076\004\077\004\070\004\101\004\060\004\075\004\070\004\065}{section.5.3}% 40
\BOOKMARK [1][-]{section.5.4}{\376\377\0005\000.\0004\000\040\000t\000a\000b\000l\000e\000C\000i\000p\000h\000e\000r\000.\000h}{chapter.5}% 41
\BOOKMARK [0][-]{section*.14}{\376\377\004\037\004\100\004\065\004\064\004\074\004\065\004\102\004\075\004\113\004\071\000\040\004\103\004\072\004\060\004\067\004\060\004\102\004\065\004\073\004\114}{}% 42
